<?xml version="1.0" encoding="UTF-8"?>
<!-- Generated by org.testng.reporters.JUnitReportReporter -->
<testsuite skipped="0" hostname="om-PC" name="testng.Testng" tests="1" failures="0" timestamp="15 Sep 2018 05:23:48 GMT" time="29.816" errors="0">
  <testcase name="keysDownAndKeysup" time="29.816" classname="testng.Testng"/>
</testsuite> <!-- testng.Testng -->
